#
# There is insufficient memory for the Java Runtime Environment to continue.
# Native memory allocation (malloc) failed to allocate 32744 bytes. Error detail: Chunk::new
# Possible reasons:
#   The system is out of physical RAM or swap space
#   This process is running with CompressedOops enabled, and the Java Heap may be blocking the growth of the native heap
# Possible solutions:
#   Reduce memory load on the system
#   Increase physical memory or swap space
#   Check if swap backing store is full
#   Decrease Java heap size (-Xmx/-Xms)
#   Decrease number of Java threads
#   Decrease Java thread stack sizes (-Xss)
#   Set larger code cache with -XX:ReservedCodeCacheSize=
#   JVM is running with Zero Based Compressed Oops mode in which the Java heap is
#     placed in the first 32GB address space. The Java Heap base address is the
#     maximum limit for the native heap growth. Please use -XX:HeapBaseMinAddress
#     to set the Java Heap base and to place the Java Heap above 32GB virtual address.
# This output file may be truncated or incomplete.
#
#  Out of Memory Error (arena.cpp:150), pid=19832, tid=19592
#
# JRE version: OpenJDK Runtime Environment (22.0.1+8) (build 22.0.1+8-16)
# Java VM: OpenJDK 64-Bit Server VM (22.0.1+8-16, mixed mode, sharing, tiered, compressed oops, compressed class ptrs, g1 gc, windows-amd64)
# No core dump will be written. Minidumps are not enabled by default on client versions of Windows
#

---------------  S U M M A R Y ------------

Command Line: -agentlib:jdwp=transport=dt_socket,address=127.0.0.1:50318,suspend=y,server=n -javaagent:C:\Users\Mauro\AppData\Local\JetBrains\IdeaIC2024.1\captureAgent\debugger-agent.jar -Dfile.encoding=UTF-8 -Dsun.stdout.encoding=UTF-8 -Dsun.stderr.encoding=UTF-8 com.codigo.ms_caceres_anculle_hexagonal.application.ApplicationLauncher

Host: Intel(R) Core(TM) i5-6200U CPU @ 2.30GHz, 4 cores, 19G,  Windows 10 , 64 bit Build 19041 (10.0.19041.3636)
Time: Mon Jul  1 06:14:38 2024 Hora est. Pacífico, Sudamérica elapsed time: 110.129089 seconds (0d 0h 1m 50s)

---------------  T H R E A D  ---------------

Current thread (0x000001bfbd075140):  JavaThread "C2 CompilerThread0" daemon [_thread_in_native, id=19592, stack(0x000000695e600000,0x000000695e700000) (1024K)]


Current CompileTask:
C2:110129 5596   !   4       java.util.concurrent.ConcurrentHashMap::putVal (432 bytes)

Stack: [0x000000695e600000,0x000000695e700000]
Native frames: (J=compiled Java code, j=interpreted, Vv=VM code, C=native code)
V  [jvm.dll+0x6e2279]  (no source info available)
V  [jvm.dll+0x874e33]  (no source info available)
V  [jvm.dll+0x87725e]  (no source info available)
V  [jvm.dll+0x877933]  (no source info available)
V  [jvm.dll+0x27fd76]  (no source info available)
V  [jvm.dll+0xc3d0f]  (no source info available)
V  [jvm.dll+0xc3f6b]  (no source info available)
V  [jvm.dll+0x70e87c]  (no source info available)
V  [jvm.dll+0x1df94b]  (no source info available)
V  [jvm.dll+0x247a5c]  (no source info available)
V  [jvm.dll+0x246fbf]  (no source info available)
V  [jvm.dll+0x1c4e90]  (no source info available)
V  [jvm.dll+0x2569fe]  (no source info available)
V  [jvm.dll+0x254cba]  (no source info available)
V  [jvm.dll+0x3f5336]  (no source info available)
V  [jvm.dll+0x81d44b]  (no source info available)
V  [jvm.dll+0x6e0915]  (no source info available)
C  [ucrtbase.dll+0x21bb2]  (no source info available)
C  [KERNEL32.DLL+0x17344]  (no source info available)
C  [ntdll.dll+0x4cc91]  (no source info available)


---------------  P R O C E S S  ---------------

Threads class SMR info:
_java_thread_list=0x000001bfbd381f10, length=32, elements={
0x000001bfbd065640, 0x000001bfbd0674c0, 0x000001bfbd06d430, 0x000001bfbd06ffa0,
0x000001bfbd070e30, 0x000001bfbd0747a0, 0x000001bfbd075140, 0x000001bfbd080380,
0x000001bfbd2d67d0, 0x000001bfbd3ec300, 0x000001bfbd3ef730, 0x000001bfbd3efdc0,
0x000001bfbd443630, 0x000001bf843278a0, 0x000001bf85f4d040, 0x000001bfffe42410,
0x000001bfff2f2830, 0x000001bf85eeb920, 0x000001bf86d99d00, 0x000001bf86d975a0,
0x000001bf86d98950, 0x000001bf86d96880, 0x000001bf86d98fe0, 0x000001bf86d96f10,
0x000001bf86d97c30, 0x000001bf86d982c0, 0x000001bf8926c7c0, 0x000001bf8926baa0,
0x000001bf8926b410, 0x000001bf8926c130, 0x000001bf8926ce50, 0x000001bf85dc03f0
}

Java Threads: ( => current thread )
  0x000001bfbd065640 JavaThread "Reference Handler"          daemon [_thread_blocked, id=24100, stack(0x000000695e000000,0x000000695e100000) (1024K)]
  0x000001bfbd0674c0 JavaThread "Finalizer"                  daemon [_thread_blocked, id=14328, stack(0x000000695e100000,0x000000695e200000) (1024K)]
  0x000001bfbd06d430 JavaThread "Signal Dispatcher"          daemon [_thread_blocked, id=15208, stack(0x000000695e200000,0x000000695e300000) (1024K)]
  0x000001bfbd06ffa0 JavaThread "Attach Listener"            daemon [_thread_blocked, id=26808, stack(0x000000695e300000,0x000000695e400000) (1024K)]
  0x000001bfbd070e30 JavaThread "Service Thread"             daemon [_thread_blocked, id=15044, stack(0x000000695e400000,0x000000695e500000) (1024K)]
  0x000001bfbd0747a0 JavaThread "Monitor Deflation Thread"   daemon [_thread_blocked, id=3640, stack(0x000000695e500000,0x000000695e600000) (1024K)]
=>0x000001bfbd075140 JavaThread "C2 CompilerThread0"         daemon [_thread_in_native, id=19592, stack(0x000000695e600000,0x000000695e700000) (1024K)]
  0x000001bfbd080380 JavaThread "C1 CompilerThread0"         daemon [_thread_blocked, id=24764, stack(0x000000695e700000,0x000000695e800000) (1024K)]
  0x000001bfbd2d67d0 JavaThread "Common-Cleaner"             daemon [_thread_blocked, id=25436, stack(0x000000695e800000,0x000000695e900000) (1024K)]
  0x000001bfbd3ec300 JavaThread "JDWP Transport Listener: dt_socket" daemon [_thread_blocked, id=4924, stack(0x000000695e900000,0x000000695ea00000) (1024K)]
  0x000001bfbd3ef730 JavaThread "JDWP Event Helper Thread"   daemon [_thread_blocked, id=23148, stack(0x000000695ea00000,0x000000695eb00000) (1024K)]
  0x000001bfbd3efdc0 JavaThread "JDWP Command Reader"        daemon [_thread_in_native, id=15184, stack(0x000000695eb00000,0x000000695ec00000) (1024K)]
  0x000001bfbd443630 JavaThread "Notification Thread"        daemon [_thread_blocked, id=14936, stack(0x000000695ec00000,0x000000695ed00000) (1024K)]
  0x000001bf843278a0 JavaThread "Catalina-utility-1"                [_thread_blocked, id=8292, stack(0x000000695f100000,0x000000695f200000) (1024K)]
  0x000001bf85f4d040 JavaThread "Catalina-utility-2"                [_thread_blocked, id=25100, stack(0x000000695f200000,0x000000695f300000) (1024K)]
  0x000001bfffe42410 JavaThread "container-0"                       [_thread_blocked, id=28352, stack(0x000000695f300000,0x000000695f400000) (1024K)]
  0x000001bfff2f2830 JavaThread "PostgreSQL-JDBC-Cleaner"    daemon [_thread_blocked, id=13316, stack(0x000000695f500000,0x000000695f600000) (1024K)]
  0x000001bf85eeb920 JavaThread "HikariPool-1 housekeeper"   daemon [_thread_blocked, id=4648, stack(0x000000695f600000,0x000000695f700000) (1024K)]
  0x000001bf86d99d00 JavaThread "http-nio-8080-exec-1"       daemon [_thread_in_vm, id=1924, stack(0x000000695f800000,0x000000695f900000) (1024K)]
  0x000001bf86d975a0 JavaThread "http-nio-8080-exec-2"       daemon [_thread_blocked, id=24840, stack(0x000000695f900000,0x000000695fa00000) (1024K)]
  0x000001bf86d98950 JavaThread "http-nio-8080-exec-3"       daemon [_thread_blocked, id=6540, stack(0x000000695fa00000,0x000000695fb00000) (1024K)]
  0x000001bf86d96880 JavaThread "http-nio-8080-exec-4"       daemon [_thread_blocked, id=24920, stack(0x000000695fb00000,0x000000695fc00000) (1024K)]
  0x000001bf86d98fe0 JavaThread "http-nio-8080-exec-5"       daemon [_thread_blocked, id=19644, stack(0x000000695fc00000,0x000000695fd00000) (1024K)]
  0x000001bf86d96f10 JavaThread "http-nio-8080-exec-6"       daemon [_thread_blocked, id=18288, stack(0x000000695fd00000,0x000000695fe00000) (1024K)]
  0x000001bf86d97c30 JavaThread "http-nio-8080-exec-7"       daemon [_thread_blocked, id=22864, stack(0x000000695fe00000,0x000000695ff00000) (1024K)]
  0x000001bf86d982c0 JavaThread "http-nio-8080-exec-8"       daemon [_thread_blocked, id=11268, stack(0x000000695ff00000,0x0000006960000000) (1024K)]
  0x000001bf8926c7c0 JavaThread "http-nio-8080-exec-9"       daemon [_thread_blocked, id=1260, stack(0x0000006960000000,0x0000006960100000) (1024K)]
  0x000001bf8926baa0 JavaThread "http-nio-8080-exec-10"      daemon [_thread_blocked, id=10992, stack(0x0000006960100000,0x0000006960200000) (1024K)]
  0x000001bf8926b410 JavaThread "http-nio-8080-Poller"       daemon [_thread_in_native, id=7884, stack(0x0000006960200000,0x0000006960300000) (1024K)]
  0x000001bf8926c130 JavaThread "http-nio-8080-Acceptor"     daemon [_thread_in_native, id=3904, stack(0x0000006960300000,0x0000006960400000) (1024K)]
  0x000001bf8926ce50 JavaThread "DestroyJavaVM"                     [_thread_blocked, id=18440, stack(0x000000695d800000,0x000000695d900000) (1024K)]
  0x000001bf85dc03f0 JavaThread "C2 CompilerThread1"         daemon [_thread_in_native, id=25864, stack(0x000000695d600000,0x000000695d700000) (1024K)]
Total: 32

Other Threads:
  0x000001bfbd048410 VMThread "VM Thread"                           [id=21424, stack(0x000000695df00000,0x000000695e000000) (1024K)]
  0x000001bfbd02e9f0 WatcherThread "VM Periodic Task Thread"        [id=9028, stack(0x000000695de00000,0x000000695df00000) (1024K)]
  0x000001bf9b4bea60 WorkerThread "GC Thread#0"                     [id=28168, stack(0x000000695d900000,0x000000695da00000) (1024K)]
  0x000001bfbd83ddf0 WorkerThread "GC Thread#1"                     [id=17208, stack(0x000000695ee00000,0x000000695ef00000) (1024K)]
  0x000001bfbd813890 WorkerThread "GC Thread#2"                     [id=24688, stack(0x000000695ef00000,0x000000695f000000) (1024K)]
  0x000001bfbd7e77e0 WorkerThread "GC Thread#3"                     [id=5272, stack(0x000000695f000000,0x000000695f100000) (1024K)]
  0x000001bf9d645d20 ConcurrentGCThread "G1 Main Marker"            [id=14024, stack(0x000000695da00000,0x000000695db00000) (1024K)]
  0x000001bf9d6469e0 WorkerThread "G1 Conc#0"                       [id=20496, stack(0x000000695db00000,0x000000695dc00000) (1024K)]
  0x000001bf9d68e370 ConcurrentGCThread "G1 Refine#0"               [id=3648, stack(0x000000695dc00000,0x000000695dd00000) (1024K)]
  0x000001bfbcf03670 ConcurrentGCThread "G1 Service"                [id=23296, stack(0x000000695dd00000,0x000000695de00000) (1024K)]
Total: 10

Threads with active compile tasks:
C2 CompilerThread0  110219 5596   !   4       java.util.concurrent.ConcurrentHashMap::putVal (432 bytes)
C2 CompilerThread1  110220 5584       4       org.springframework.core.ResolvableType::hasGenerics (14 bytes)
Total: 2

VM state: not at safepoint (normal execution)

VM Mutex/Monitor currently owned by a thread: None

Heap address: 0x00000006c4800000, size: 5048 MB, Compressed Oops mode: Zero based, Oop shift amount: 3

CDS archive(s) mapped at: [0x000001bfbe000000-0x000001bfbec50000-0x000001bfbec50000), size 12910592, SharedBaseAddress: 0x000001bfbe000000, ArchiveRelocationMode: 1.
Compressed class space mapped at: 0x000001bfbf000000-0x000001bfff000000, reserved size: 1073741824
Narrow klass base: 0x000001bfbe000000, Narrow klass shift: 0, Narrow klass range: 0x41000000

GC Precious Log:
 CardTable entry size: 512
 Card Set container configuration: InlinePtr #cards 4 size 8 Array Of Cards #cards 32 size 80 Howl #buckets 8 coarsen threshold 7372 Howl Bitmap #cards 1024 size 144 coarsen threshold 921 Card regions per heap region 1 cards per card region 8192
 CPUs: 4 total, 4 available
 Memory: 20190M
 Large Page Support: Disabled
 NUMA Support: Disabled
 Compressed Oops: Enabled (Zero based)
 Heap Region Size: 4M
 Heap Min Capacity: 8M
 Heap Initial Capacity: 316M
 Heap Max Capacity: 5048M
 Pre-touch: Disabled
 Parallel Workers: 4
 Concurrent Workers: 1
 Concurrent Refinement Workers: 4
 Periodic GC: Disabled

Heap:
 garbage-first heap   total reserved 5169152K, committed 69632K, used 31796K [0x00000006c4800000, 0x0000000800000000)
  region size 4096K, 4 young (16384K), 2 survivors (8192K)
 Metaspace       used 64242K, committed 64960K, reserved 1114112K
  class space    used 8773K, committed 9088K, reserved 1048576K

Heap Regions: E=young(eden), S=young(survivor), O=old, HS=humongous(starts), HC=humongous(continues), CS=collection set, F=free, TAMS=top-at-mark-start, PB=parsable bottom
|   0|0x00000006c4800000, 0x00000006c4c00000, 0x00000006c4c00000|100%| O|  |TAMS 0x00000006c4800000| PB 0x00000006c4800000| Untracked |  0
|   1|0x00000006c4c00000, 0x00000006c5000000, 0x00000006c5000000|100%| O|  |TAMS 0x00000006c4c00000| PB 0x00000006c4c00000| Untracked |  0
|   2|0x00000006c5000000, 0x00000006c5400000, 0x00000006c5400000|100%| O|  |TAMS 0x00000006c5000000| PB 0x00000006c5000000| Untracked |  0
|   3|0x00000006c5400000, 0x00000006c5800000, 0x00000006c5800000|100%| O|  |TAMS 0x00000006c5400000| PB 0x00000006c5400000| Untracked |  0
|   4|0x00000006c5800000, 0x00000006c5c00000, 0x00000006c5c00000|100%| O|  |TAMS 0x00000006c5800000| PB 0x00000006c5800000| Untracked |  0
|   5|0x00000006c5c00000, 0x00000006c5dabd80, 0x00000006c6000000| 41%| O|  |TAMS 0x00000006c5c00000| PB 0x00000006c5c00000| Untracked |  0
|   6|0x00000006c6000000, 0x00000006c6161640, 0x00000006c6400000| 34%| S|CS|TAMS 0x00000006c6000000| PB 0x00000006c6000000| Complete |  0
|   7|0x00000006c6400000, 0x00000006c6800000, 0x00000006c6800000|100%| S|CS|TAMS 0x00000006c6400000| PB 0x00000006c6400000| Complete |  0
|   8|0x00000006c6800000, 0x00000006c6800000, 0x00000006c6c00000|  0%| F|  |TAMS 0x00000006c6800000| PB 0x00000006c6800000| Untracked |  0
|   9|0x00000006c6c00000, 0x00000006c6c00000, 0x00000006c7000000|  0%| F|  |TAMS 0x00000006c6c00000| PB 0x00000006c6c00000| Untracked |  0
|  10|0x00000006c7000000, 0x00000006c7000000, 0x00000006c7400000|  0%| F|  |TAMS 0x00000006c7000000| PB 0x00000006c7000000| Untracked |  0
|  11|0x00000006c7400000, 0x00000006c7400000, 0x00000006c7800000|  0%| F|  |TAMS 0x00000006c7400000| PB 0x00000006c7400000| Untracked |  0
|  12|0x00000006c7800000, 0x00000006c7800000, 0x00000006c7c00000|  0%| F|  |TAMS 0x00000006c7800000| PB 0x00000006c7800000| Untracked |  0
|  13|0x00000006c7c00000, 0x00000006c7c00000, 0x00000006c8000000|  0%| F|  |TAMS 0x00000006c7c00000| PB 0x00000006c7c00000| Untracked |  0
|  61|0x00000006d3c00000, 0x00000006d3c00000, 0x00000006d4000000|  0%| F|  |TAMS 0x00000006d3c00000| PB 0x00000006d3c00000| Untracked |  0
|  62|0x00000006d4000000, 0x00000006d4331260, 0x00000006d4400000| 79%| E|  |TAMS 0x00000006d4000000| PB 0x00000006d4000000| Complete |  0
|  78|0x00000006d8000000, 0x00000006d8400000, 0x00000006d8400000|100%| E|CS|TAMS 0x00000006d8000000| PB 0x00000006d8000000| Complete |  0

Card table byte_map: [0x000001bfb52f0000,0x000001bfb5cd0000] _byte_map_base: 0x000001bfb1ccc000

Marking Bits: (CMBitMap*) 0x000001bf9d63b680
 Bits: [0x000001bfb5cd0000, 0x000001bfbabb0000)

Polling page: 0x000001bf9b720000

Metaspace:

Usage:
  Non-class:     54.17 MB used.
      Class:      8.57 MB used.
       Both:     62.74 MB used.

Virtual space:
  Non-class space:       64.00 MB reserved,      54.56 MB ( 85%) committed,  1 nodes.
      Class space:        1.00 GB reserved,       8.88 MB ( <1%) committed,  1 nodes.
             Both:        1.06 GB reserved,      63.44 MB (  6%) committed. 

Chunk freelists:
   Non-Class:  8.83 MB
       Class:  7.14 MB
        Both:  15.97 MB

MaxMetaspaceSize: unlimited
CompressedClassSpaceSize: 1.00 GB
Initial GC threshold: 21.00 MB
Current GC threshold: 98.25 MB
CDS: on
 - commit_granule_bytes: 65536.
 - commit_granule_words: 8192.
 - virtual_space_node_default_size: 8388608.
 - enlarge_chunks_in_place: 1.
 - use_allocation_guard: 0.


Internal statistics:

num_allocs_failed_limit: 9.
num_arena_births: 944.
num_arena_deaths: 0.
num_vsnodes_births: 2.
num_vsnodes_deaths: 0.
num_space_committed: 1015.
num_space_uncommitted: 0.
num_chunks_returned_to_freelist: 9.
num_chunks_taken_from_freelist: 3263.
num_chunk_merges: 9.
num_chunk_splits: 2327.
num_chunks_enlarged: 1786.
num_inconsistent_stats: 0.

CodeHeap 'non-profiled nmethods': size=120000Kb used=3972Kb max_used=3972Kb free=116027Kb
 bounds [0x000001bfad3e0000, 0x000001bfad7d0000, 0x000001bfb4910000]
CodeHeap 'profiled nmethods': size=120000Kb used=9748Kb max_used=9750Kb free=110251Kb
 bounds [0x000001bfa5910000, 0x000001bfa62a0000, 0x000001bface40000]
CodeHeap 'non-nmethods': size=5760Kb used=1718Kb max_used=1802Kb free=4041Kb
 bounds [0x000001bface40000, 0x000001bfad0b0000, 0x000001bfad3e0000]
 total_blobs=5598 nmethods=4902 adapters=600
 compilation: enabled
              stopped_count=0, restarted_count=0
 full_count=0

Compilation events (20 events):
Event: 109.971 Thread 0x000001bfbd080380 5595       3       org.springframework.core.annotation.AnnotationTypeMapping::isAliasPair (17 bytes)
Event: 109.971 Thread 0x000001bfbd080380 nmethod 5595 0x000001bfa5e97010 code [0x000001bfa5e971a0, 0x000001bfa5e97328]
Event: 109.982 Thread 0x000001bfbd080380 5597       3       sun.reflect.annotation.AnnotationParser::skipMemberValue (65 bytes)
Event: 109.983 Thread 0x000001bfbd080380 nmethod 5597 0x000001bfa5e96490 code [0x000001bfa5e966c0, 0x000001bfa5e96de0]
Event: 110.008 Thread 0x000001bfbd080380 5598       3       java.util.stream.Streams$ConcatSpliterator::tryAdvance (54 bytes)
Event: 110.008 Thread 0x000001bfbd080380 nmethod 5598 0x000001bfa5e95d10 code [0x000001bfa5e95ee0, 0x000001bfa5e962f8]
Event: 110.013 Thread 0x000001bfbd080380 5600       3       java.util.concurrent.atomic.AtomicLongArray::get (12 bytes)
Event: 110.014 Thread 0x000001bfbd080380 nmethod 5600 0x000001bfa5e95290 code [0x000001bfa5e95460, 0x000001bfa5e95910]
Event: 110.014 Thread 0x000001bfbd080380 5601       3       java.lang.invoke.VarHandleLongs$Array::getVolatile (42 bytes)
Event: 110.014 Thread 0x000001bfbd080380 nmethod 5601 0x000001bfa6296e10 code [0x000001bfa6296fc0, 0x000001bfa62972d8]
Event: 110.015 Thread 0x000001bfbd075140 nmethod 5590 0x000001bfad7bd490 code [0x000001bfad7bd860, 0x000001bfad7bfc00]
Event: 110.016 Thread 0x000001bfbd075140 5591 %     4       java.util.Properties$LineReader::readLine @ 293 (584 bytes)
Event: 110.026 Thread 0x000001bfbd080380 5602       3       java.lang.invoke.MemberName::asNormalOriginal (105 bytes)
Event: 110.027 Thread 0x000001bfbd080380 nmethod 5602 0x000001bfa6297490 code [0x000001bfa62976a0, 0x000001bfa6297cd8]
Event: 110.040 Thread 0x000001bfbd080380 5603       3       java.lang.reflect.Method::acquireMethodAccessor (55 bytes)
Event: 110.041 Thread 0x000001bfbd080380 nmethod 5603 0x000001bfa6297f10 code [0x000001bfa6298140, 0x000001bfa62988a8]
Event: 110.080 Thread 0x000001bfbd075140 nmethod 5591% 0x000001bfad7c0e10 code [0x000001bfad7c1100, 0x000001bfad7c2c98]
Event: 110.081 Thread 0x000001bfbd075140 5596   !   4       java.util.concurrent.ConcurrentHashMap::putVal (432 bytes)
Event: 110.119 Thread 0x000001bfbd080380 5605       3       java.util.Locale::getCountry (8 bytes)
Event: 110.119 Thread 0x000001bfbd080380 nmethod 5605 0x000001bfa5d6fd10 code [0x000001bfa5d6fea0, 0x000001bfa5d6ffd8]

GC Heap History (20 events):
Event: 4.380 GC heap before
{Heap before GC invocations=2 (full 0):
 garbage-first heap   total reserved 5169152K, committed 323584K, used 31473K [0x00000006c4800000, 0x0000000800000000)
  region size 4096K, 8 young (32768K), 1 survivors (4096K)
 Metaspace       used 11390K, committed 11648K, reserved 1114112K
  class space    used 1360K, committed 1472K, reserved 1048576K
}
Event: 4.385 GC heap after
{Heap after GC invocations=3 (full 0):
 garbage-first heap   total reserved 5169152K, committed 323584K, used 8784K [0x00000006c4800000, 0x0000000800000000)
  region size 4096K, 1 young (4096K), 1 survivors (4096K)
 Metaspace       used 11390K, committed 11648K, reserved 1114112K
  class space    used 1360K, committed 1472K, reserved 1048576K
}
Event: 7.172 GC heap before
{Heap before GC invocations=3 (full 0):
 garbage-first heap   total reserved 5169152K, committed 323584K, used 66128K [0x00000006c4800000, 0x0000000800000000)
  region size 4096K, 16 young (65536K), 1 survivors (4096K)
 Metaspace       used 21226K, committed 21504K, reserved 1114112K
  class space    used 2569K, committed 2688K, reserved 1048576K
}
Event: 7.186 GC heap after
{Heap after GC invocations=4 (full 0):
 garbage-first heap   total reserved 5169152K, committed 323584K, used 13504K [0x00000006c4800000, 0x0000000800000000)
  region size 4096K, 2 young (8192K), 2 survivors (8192K)
 Metaspace       used 21226K, committed 21504K, reserved 1114112K
  class space    used 2569K, committed 2688K, reserved 1048576K
}
Event: 9.402 GC heap before
{Heap before GC invocations=5 (full 0):
 garbage-first heap   total reserved 5169152K, committed 57344K, used 54464K [0x00000006c4800000, 0x0000000800000000)
  region size 4096K, 12 young (49152K), 2 survivors (8192K)
 Metaspace       used 27556K, committed 28096K, reserved 1114112K
  class space    used 3477K, committed 3712K, reserved 1048576K
}
Event: 9.423 GC heap after
{Heap after GC invocations=6 (full 0):
 garbage-first heap   total reserved 5169152K, committed 69632K, used 16532K [0x00000006c4800000, 0x0000000800000000)
  region size 4096K, 3 young (12288K), 3 survivors (12288K)
 Metaspace       used 27556K, committed 28096K, reserved 1114112K
  class space    used 3477K, committed 3712K, reserved 1048576K
}
Event: 10.690 GC heap before
{Heap before GC invocations=6 (full 0):
 garbage-first heap   total reserved 5169152K, committed 69632K, used 45204K [0x00000006c4800000, 0x0000000800000000)
  region size 4096K, 10 young (40960K), 3 survivors (12288K)
 Metaspace       used 31946K, committed 32576K, reserved 1114112K
  class space    used 4012K, committed 4288K, reserved 1048576K
}
Event: 10.708 GC heap after
{Heap after GC invocations=7 (full 0):
 garbage-first heap   total reserved 5169152K, committed 69632K, used 18514K [0x00000006c4800000, 0x0000000800000000)
  region size 4096K, 2 young (8192K), 2 survivors (8192K)
 Metaspace       used 31946K, committed 32576K, reserved 1114112K
  class space    used 4012K, committed 4288K, reserved 1048576K
}
Event: 11.772 GC heap before
{Heap before GC invocations=7 (full 0):
 garbage-first heap   total reserved 5169152K, committed 69632K, used 30802K [0x00000006c4800000, 0x0000000800000000)
  region size 4096K, 7 young (28672K), 2 survivors (8192K)
 Metaspace       used 35460K, committed 35968K, reserved 1114112K
  class space    used 4559K, committed 4800K, reserved 1048576K
}
Event: 11.779 GC heap after
{Heap after GC invocations=8 (full 0):
 garbage-first heap   total reserved 5169152K, committed 69632K, used 19496K [0x00000006c4800000, 0x0000000800000000)
  region size 4096K, 1 young (4096K), 1 survivors (4096K)
 Metaspace       used 35460K, committed 35968K, reserved 1114112K
  class space    used 4559K, committed 4800K, reserved 1048576K
}
Event: 13.327 GC heap before
{Heap before GC invocations=9 (full 0):
 garbage-first heap   total reserved 5169152K, committed 69632K, used 52264K [0x00000006c4800000, 0x0000000800000000)
  region size 4096K, 9 young (36864K), 1 survivors (4096K)
 Metaspace       used 42805K, committed 43392K, reserved 1114112K
  class space    used 5606K, committed 5888K, reserved 1048576K
}
Event: 13.333 GC heap after
{Heap after GC invocations=10 (full 0):
 garbage-first heap   total reserved 5169152K, committed 69632K, used 20679K [0x00000006c4800000, 0x0000000800000000)
  region size 4096K, 1 young (4096K), 1 survivors (4096K)
 Metaspace       used 42805K, committed 43392K, reserved 1114112K
  class space    used 5606K, committed 5888K, reserved 1048576K
}
Event: 14.789 GC heap before
{Heap before GC invocations=10 (full 0):
 garbage-first heap   total reserved 5169152K, committed 69632K, used 57543K [0x00000006c4800000, 0x0000000800000000)
  region size 4096K, 10 young (40960K), 1 survivors (4096K)
 Metaspace       used 50973K, committed 51520K, reserved 1114112K
  class space    used 6851K, committed 7104K, reserved 1048576K
}
Event: 14.797 GC heap after
{Heap after GC invocations=11 (full 0):
 garbage-first heap   total reserved 5169152K, committed 69632K, used 22457K [0x00000006c4800000, 0x0000000800000000)
  region size 4096K, 2 young (8192K), 2 survivors (8192K)
 Metaspace       used 50973K, committed 51520K, reserved 1114112K
  class space    used 6851K, committed 7104K, reserved 1048576K
}
Event: 16.416 GC heap before
{Heap before GC invocations=11 (full 0):
 garbage-first heap   total reserved 5169152K, committed 69632K, used 51129K [0x00000006c4800000, 0x0000000800000000)
  region size 4096K, 9 young (36864K), 2 survivors (8192K)
 Metaspace       used 56660K, committed 57216K, reserved 1114112K
  class space    used 7617K, committed 7872K, reserved 1048576K
}
Event: 16.426 GC heap after
{Heap after GC invocations=12 (full 0):
 garbage-first heap   total reserved 5169152K, committed 69632K, used 23872K [0x00000006c4800000, 0x0000000800000000)
  region size 4096K, 2 young (8192K), 2 survivors (8192K)
 Metaspace       used 56660K, committed 57216K, reserved 1114112K
  class space    used 7617K, committed 7872K, reserved 1048576K
}
Event: 17.280 GC heap before
{Heap before GC invocations=12 (full 0):
 garbage-first heap   total reserved 5169152K, committed 69632K, used 36160K [0x00000006c4800000, 0x0000000800000000)
  region size 4096K, 6 young (24576K), 2 survivors (8192K)
 Metaspace       used 59682K, committed 60288K, reserved 1114112K
  class space    used 8115K, committed 8384K, reserved 1048576K
}
Event: 17.291 GC heap after
{Heap after GC invocations=13 (full 0):
 garbage-first heap   total reserved 5169152K, committed 69632K, used 25209K [0x00000006c4800000, 0x0000000800000000)
  region size 4096K, 2 young (8192K), 2 survivors (8192K)
 Metaspace       used 59682K, committed 60288K, reserved 1114112K
  class space    used 8115K, committed 8384K, reserved 1048576K
}
Event: 109.744 GC heap before
{Heap before GC invocations=14 (full 0):
 garbage-first heap   total reserved 5169152K, committed 69632K, used 53881K [0x00000006c4800000, 0x0000000800000000)
  region size 4096K, 9 young (36864K), 2 survivors (8192K)
 Metaspace       used 62500K, committed 63168K, reserved 1114112K
  class space    used 8556K, committed 8896K, reserved 1048576K
}
Event: 109.755 GC heap after
{Heap after GC invocations=15 (full 0):
 garbage-first heap   total reserved 5169152K, committed 69632K, used 27700K [0x00000006c4800000, 0x0000000800000000)
  region size 4096K, 2 young (8192K), 2 survivors (8192K)
 Metaspace       used 62500K, committed 63168K, reserved 1114112K
  class space    used 8556K, committed 8896K, reserved 1048576K
}

Dll operation events (14 events):
Event: 0.018 Loaded shared library C:\Users\Mauro\.jdks\openjdk-22.0.1\bin\java.dll
Event: 0.020 Loaded shared library C:\Users\Mauro\.jdks\openjdk-22.0.1\bin\zip.dll
Event: 0.075 Loaded shared library C:\Users\Mauro\.jdks\openjdk-22.0.1\bin\jsvml.dll
Event: 1.327 Loaded shared library C:\Users\Mauro\.jdks\openjdk-22.0.1\bin\instrument.dll
Event: 1.417 Loaded shared library C:\Users\Mauro\.jdks\openjdk-22.0.1\bin\net.dll
Event: 1.419 Loaded shared library C:\Users\Mauro\.jdks\openjdk-22.0.1\bin\nio.dll
Event: 1.434 Loaded shared library C:\Users\Mauro\.jdks\openjdk-22.0.1\bin\zip.dll
Event: 2.499 Loaded shared library C:\Users\Mauro\.jdks\openjdk-22.0.1\bin\jimage.dll
Event: 4.172 Loaded shared library C:\Users\Mauro\.jdks\openjdk-22.0.1\bin\le.dll
Event: 5.434 Loaded shared library C:\Users\Mauro\.jdks\openjdk-22.0.1\bin\sunmscapi.dll
Event: 9.833 Loaded shared library C:\Users\Mauro\.jdks\openjdk-22.0.1\bin\management.dll
Event: 9.837 Loaded shared library C:\Users\Mauro\.jdks\openjdk-22.0.1\bin\management_ext.dll
Event: 11.622 Loaded shared library C:\Users\Mauro\.jdks\openjdk-22.0.1\bin\verify.dll
Event: 12.286 Loaded shared library C:\Users\Mauro\.jdks\openjdk-22.0.1\bin\extnet.dll

Deoptimization events (20 events):
Event: 109.891 Thread 0x000001bf86d99d00 DEOPT PACKING pc=0x000001bfad5cb2d0 sp=0x000000695f8fd600
Event: 109.891 Thread 0x000001bf86d99d00 DEOPT UNPACKING pc=0x000001bface94e42 sp=0x000000695f8fc9f8 mode 1
Event: 109.891 Thread 0x000001bf86d99d00 DEOPT PACKING pc=0x000001bfa5df9564 sp=0x000000695f8fd640
Event: 109.891 Thread 0x000001bf86d99d00 DEOPT UNPACKING pc=0x000001bface94e42 sp=0x000000695f8fcd00 mode 1
Event: 110.008 Thread 0x000001bf86d99d00 Uncommon trap: trap_request=0xffffff54 fr.pc=0x000001bfad4c9114 relative=0x0000000000000674
Event: 110.008 Thread 0x000001bf86d99d00 Uncommon trap: reason=speculate_null_assert action=make_not_entrant pc=0x000001bfad4c9114 method=org.springframework.util.ConcurrentReferenceHashMap$Segment.restructureIfNecessary(Z)V @ 41 c2
Event: 110.008 Thread 0x000001bf86d99d00 DEOPT PACKING pc=0x000001bfad4c9114 sp=0x000000695f8fcd00
Event: 110.008 Thread 0x000001bf86d99d00 DEOPT UNPACKING pc=0x000001bface946a2 sp=0x000000695f8fcb60 mode 2
Event: 110.023 Thread 0x000001bf86d99d00 DEOPT PACKING pc=0x000001bfa5f8b5ec sp=0x000000695f8fcc40
Event: 110.023 Thread 0x000001bf86d99d00 DEOPT UNPACKING pc=0x000001bface94e42 sp=0x000000695f8fc1a0 mode 1
Event: 110.023 Thread 0x000001bf86d99d00 DEOPT PACKING pc=0x000001bfa6105b6c sp=0x000000695f8fcd60
Event: 110.023 Thread 0x000001bf86d99d00 DEOPT UNPACKING pc=0x000001bface94e42 sp=0x000000695f8fc230 mode 1
Event: 110.047 Thread 0x000001bf86d99d00 Uncommon trap: trap_request=0xffffff45 fr.pc=0x000001bfad6ef39c relative=0x0000000000000bbc
Event: 110.047 Thread 0x000001bf86d99d00 Uncommon trap: reason=unstable_if action=reinterpret pc=0x000001bfad6ef39c method=java.util.zip.InflaterInputStream.read([BII)I @ 74 c2
Event: 110.047 Thread 0x000001bf86d99d00 DEOPT PACKING pc=0x000001bfad6ef39c sp=0x000000695f8f9710
Event: 110.047 Thread 0x000001bf86d99d00 DEOPT UNPACKING pc=0x000001bface946a2 sp=0x000000695f8f96e0 mode 2
Event: 110.119 Thread 0x000001bf86d99d00 DEOPT PACKING pc=0x000001bfad5cb2d0 sp=0x000000695f8fb3b0
Event: 110.119 Thread 0x000001bf86d99d00 DEOPT UNPACKING pc=0x000001bface94e42 sp=0x000000695f8fa7c0 mode 1
Event: 110.120 Thread 0x000001bf86d99d00 DEOPT PACKING pc=0x000001bfad5cb2d0 sp=0x000000695f8fb3b0
Event: 110.120 Thread 0x000001bf86d99d00 DEOPT UNPACKING pc=0x000001bface94e42 sp=0x000000695f8fa7c0 mode 1

Classes loaded (20 events):
Event: 110.108 Loading class org/hibernate/query/ResultListTransformer
Event: 110.108 Loading class org/hibernate/query/ResultListTransformer done
Event: 110.111 Loading class org/hibernate/query/spi/QueryInterpretationCache$Key
Event: 110.111 Loading class org/hibernate/query/spi/QueryInterpretationCache$Key done
Event: 110.112 Loading class org/hibernate/query/spi/QueryParameterBindings
Event: 110.112 Loading class org/hibernate/query/spi/QueryParameterBindings done
Event: 110.112 Loading class org/hibernate/query/spi/NonSelectQueryPlan
Event: 110.112 Loading class org/hibernate/query/spi/NonSelectQueryPlan done
Event: 110.113 Loading class org/hibernate/query/sqm/tree/insert/SqmInsertStatement
Event: 110.113 Loading class org/hibernate/query/sqm/tree/insert/SqmInsertStatement done
Event: 110.114 Loading class org/hibernate/sql/results/spi/ResultsConsumer
Event: 110.114 Loading class org/hibernate/sql/results/spi/ResultsConsumer done
Event: 110.119 Loading class org/hibernate/internal/CoreMessageLogger_$logger_es_PE
Event: 110.119 Loading class org/hibernate/internal/CoreMessageLogger_$logger_es_PE done
Event: 110.120 Loading class org/hibernate/internal/CoreMessageLogger_$logger_es
Event: 110.120 Loading class org/hibernate/internal/CoreMessageLogger_$logger_es done
Event: 110.120 Loading class org/hibernate/query/internal/QueryOptionsImpl
Event: 110.120 Loading class org/hibernate/query/internal/QueryOptionsImpl done
Event: 110.125 Loading class org/hibernate/query/sqm/tree/SqmCopyContext
Event: 110.125 Loading class org/hibernate/query/sqm/tree/SqmCopyContext done

Classes unloaded (0 events):
No events

Classes redefined (0 events):
No events

Internal exceptions (20 events):
Event: 15.242 Thread 0x000001bf9b3f7500 Exception <a 'java/lang/NoSuchMethodError'{0x00000006c7c9d860}: 'java.lang.Object java.lang.invoke.Invokers$Holder.linkToTargetMethod(java.lang.Object, java.lang.Object, java.lang.Object, java.lang.Object, java.lang.Object, java.lang.Object, int, java.lang.Object)'> (0x00000006c7c9d860) 
thrown [s\open\src\hotspot\share\interpreter\linkResolver.cpp, line 774]
Event: 15.279 Thread 0x000001bf9b3f7500 Exception <a 'java/lang/NoSuchMethodError'{0x00000006c7d84268}: 'void java.lang.invoke.DirectMethodHandle$Holder.invokeInterface(java.lang.Object, java.lang.Object)'> (0x00000006c7d84268) 
thrown [s\open\src\hotspot\share\interpreter\linkResolver.cpp, line 774]
Event: 15.449 Thread 0x000001bf9b3f7500 Exception <a 'java/lang/NoSuchMethodError'{0x00000006c79d8228}: 'void java.lang.invoke.Invokers$Holder.invokeExact_MT(java.lang.Object, java.lang.Object, java.lang.Object, java.lang.Object)'> (0x00000006c79d8228) 
thrown [s\open\src\hotspot\share\interpreter\linkResolver.cpp, line 774]
Event: 15.491 Thread 0x000001bf9b3f7500 Implicit null exception at 0x000001bfad725c00 to 0x000001bfad725ebc
Event: 15.769 Thread 0x000001bf9b3f7500 Exception <a 'java/lang/IncompatibleClassChangeError'{0x00000006c7640cb0}: Found class java.lang.Object, but interface was expected> (0x00000006c7640cb0) 
thrown [s\open\src\hotspot\share\interpreter\linkResolver.cpp, line 841]
Event: 15.841 Thread 0x000001bf9b3f7500 Exception <a 'java/lang/IncompatibleClassChangeError'{0x00000006c76b7790}: Found class java.lang.Object, but interface was expected> (0x00000006c76b7790) 
thrown [s\open\src\hotspot\share\interpreter\linkResolver.cpp, line 841]
Event: 16.164 Thread 0x000001bf9b3f7500 Exception <a 'java/lang/IncompatibleClassChangeError'{0x00000006c706aff0}: Found class java.lang.Object, but interface was expected> (0x00000006c706aff0) 
thrown [s\open\src\hotspot\share\interpreter\linkResolver.cpp, line 841]
Event: 16.641 Thread 0x000001bf9b3f7500 Exception <a 'java/lang/IncompatibleClassChangeError'{0x00000006d4019a98}: Found class java.lang.Object, but interface was expected> (0x00000006d4019a98) 
thrown [s\open\src\hotspot\share\interpreter\linkResolver.cpp, line 841]
Event: 16.802 Thread 0x000001bf9b3f7500 Exception <a 'java/lang/IncompatibleClassChangeError'{0x00000006d4364760}: Found class java.lang.Object, but interface was expected> (0x00000006d4364760) 
thrown [s\open\src\hotspot\share\interpreter\linkResolver.cpp, line 841]
Event: 17.182 Thread 0x000001bf9b3f7500 Exception <a 'java/lang/NoSuchMethodError'{0x00000006c7e33e78}: 'int java.lang.invoke.DirectMethodHandle$Holder.invokeStaticInit(java.lang.Object)'> (0x00000006c7e33e78) 
thrown [s\open\src\hotspot\share\interpreter\linkResolver.cpp, line 774]
Event: 17.217 Thread 0x000001bf9b3f7500 Exception <a 'java/lang/IncompatibleClassChangeError'{0x00000006c7ec88d8}: Found class java.lang.Object, but interface was expected> (0x00000006c7ec88d8) 
thrown [s\open\src\hotspot\share\interpreter\linkResolver.cpp, line 841]
Event: 17.279 Thread 0x000001bf9b3f7500 Implicit null exception at 0x000001bfad58ca6b to 0x000001bfad58cd50
Event: 17.479 Thread 0x000001bf9b3f7500 Exception <a 'java/lang/NoSuchMethodError'{0x00000006d821e408}: 'java.lang.Object java.lang.invoke.DirectMethodHandle$Holder.newInvokeSpecial(java.lang.Object, java.lang.Object, java.lang.Object, java.lang.Object, java.lang.Object, java.lang.Object, java.lang.Object, java.lang.Object)'> (0x00000006d821e408) 
thrown [s\open\src\hotspot\share\interpreter\linkResolver.cpp, line 774]
Event: 17.918 Thread 0x000001bf9b3f7500 Exception <a 'java/lang/IncompatibleClassChangeError'{0x00000006c7cd06d8}: Found class java.lang.Object, but interface was expected> (0x00000006c7cd06d8) 
thrown [s\open\src\hotspot\share\interpreter\linkResolver.cpp, line 841]
Event: 18.000 Thread 0x000001bf9b3f7500 Exception <a 'java/lang/NoSuchMethodError'{0x00000006c7ea36f0}: 'void java.lang.invoke.DirectMethodHandle$Holder.invokeVirtual(java.lang.Object, java.lang.Object, long)'> (0x00000006c7ea36f0) 
thrown [s\open\src\hotspot\share\interpreter\linkResolver.cpp, line 774]
Event: 18.192 Thread 0x000001bf9b3f7500 Implicit null exception at 0x000001bfad5e3e6f to 0x000001bfad5e4624
Event: 18.221 Thread 0x000001bf9b3f7500 Exception <a 'java/lang/IncompatibleClassChangeError'{0x00000006c737faf0}: Found class java.lang.Object, but interface was expected> (0x00000006c737faf0) 
thrown [s\open\src\hotspot\share\interpreter\linkResolver.cpp, line 841]
Event: 18.343 Thread 0x000001bf9b3f7500 Exception <a 'java/lang/NoSuchMethodError'{0x00000006c6f88b18}: 'java.lang.Object java.lang.invoke.DirectMethodHandle$Holder.newInvokeSpecial(java.lang.Object, java.lang.Object, int, java.lang.Object, java.lang.Object)'> (0x00000006c6f88b18) 
thrown [s\open\src\hotspot\share\interpreter\linkResolver.cpp, line 774]
Event: 109.798 Thread 0x000001bf86d99d00 Exception <a 'java/lang/NoSuchMethodError'{0x00000006d80f9238}: 'java.lang.Object java.lang.invoke.DirectMethodHandle$Holder.invokeSpecial(java.lang.Object, java.lang.Object, java.lang.Object, java.lang.Object, java.lang.Object, long)'> (0x00000006d80f9238) 
thrown [s\open\src\hotspot\share\interpreter\linkResolver.cpp, line 774]
Event: 109.798 Thread 0x000001bf86d99d00 Exception <a 'java/lang/NoSuchMethodError'{0x00000006d80fc9f8}: 'java.lang.Object java.lang.invoke.Invokers$Holder.linkToTargetMethod(java.lang.Object, java.lang.Object, java.lang.Object, long, java.lang.Object)'> (0x00000006d80fc9f8) 
thrown [s\open\src\hotspot\share\interpreter\linkResolver.cpp, line 774]

ZGC Phase Switch (0 events):
No events

VM Operations (20 events):
Event: 17.350 Executing VM operation: G1PauseRemark
Event: 17.356 Executing VM operation: G1PauseRemark done
Event: 17.362 Executing VM operation: G1PauseCleanup
Event: 17.362 Executing VM operation: G1PauseCleanup done
Event: 17.706 Executing VM operation: HandshakeAllThreads (Deoptimize)
Event: 17.706 Executing VM operation: HandshakeAllThreads (Deoptimize) done
Event: 18.083 Executing VM operation: HandshakeAllThreads (Deoptimize)
Event: 18.083 Executing VM operation: HandshakeAllThreads (Deoptimize) done
Event: 19.097 Executing VM operation: Cleanup
Event: 19.097 Executing VM operation: Cleanup done
Event: 39.302 Executing VM operation: Cleanup
Event: 39.302 Executing VM operation: Cleanup done
Event: 60.115 Executing VM operation: HandshakeAllThreads (HandshakeForDeflation)
Event: 60.115 Executing VM operation: HandshakeAllThreads (HandshakeForDeflation) done
Event: 60.115 Executing VM operation: RendezvousGCThreads
Event: 60.115 Executing VM operation: RendezvousGCThreads done
Event: 109.744 Executing VM operation: G1CollectForAllocation (G1 Evacuation Pause)
Event: 109.755 Executing VM operation: G1CollectForAllocation (G1 Evacuation Pause) done
Event: 109.840 Executing VM operation: HandshakeAllThreads (Deoptimize)
Event: 109.840 Executing VM operation: HandshakeAllThreads (Deoptimize) done

Events (20 events):
Event: 17.354 Thread 0x000001bfbd048410 flushing nmethod 0x000001bfa605b290
Event: 17.354 Thread 0x000001bfbd048410 flushing nmethod 0x000001bfa6064590
Event: 17.354 Thread 0x000001bfbd048410 flushing nmethod 0x000001bfa606f010
Event: 18.360 Thread 0x000001bf86d99d00 Thread added: 0x000001bf86d99d00
Event: 18.360 Thread 0x000001bf86d975a0 Thread added: 0x000001bf86d975a0
Event: 18.360 Thread 0x000001bf86d98950 Thread added: 0x000001bf86d98950
Event: 18.361 Thread 0x000001bf86d96880 Thread added: 0x000001bf86d96880
Event: 18.361 Thread 0x000001bf86d98fe0 Thread added: 0x000001bf86d98fe0
Event: 18.361 Thread 0x000001bf86d96f10 Thread added: 0x000001bf86d96f10
Event: 18.361 Thread 0x000001bf86d97c30 Thread added: 0x000001bf86d97c30
Event: 18.361 Thread 0x000001bf86d982c0 Thread added: 0x000001bf86d982c0
Event: 18.361 Thread 0x000001bf8926c7c0 Thread added: 0x000001bf8926c7c0
Event: 18.361 Thread 0x000001bf8926baa0 Thread added: 0x000001bf8926baa0
Event: 18.381 Thread 0x000001bf8926b410 Thread added: 0x000001bf8926b410
Event: 18.384 Thread 0x000001bf8926c130 Thread added: 0x000001bf8926c130
Event: 18.416 Thread 0x000001bf9b3f7500 Thread exited: 0x000001bf9b3f7500
Event: 18.416 Thread 0x000001bf8926ce50 Thread added: 0x000001bf8926ce50
Event: 19.502 Thread 0x000001bfff37c020 Thread exited: 0x000001bfff37c020
Event: 26.425 Thread 0x000001bf84b71830 Thread exited: 0x000001bf84b71830
Event: 109.881 Thread 0x000001bf85dc03f0 Thread added: 0x000001bf85dc03f0


Dynamic libraries:
0x00007ff6d55a0000 - 0x00007ff6d55ae000 	C:\Users\Mauro\.jdks\openjdk-22.0.1\bin\java.exe
0x00007ffbcce70000 - 0x00007ffbcd068000 	C:\WINDOWS\SYSTEM32\ntdll.dll
0x00007ffbccbf0000 - 0x00007ffbcccad000 	C:\WINDOWS\System32\KERNEL32.DLL
0x00007ffbca780000 - 0x00007ffbcaa76000 	C:\WINDOWS\System32\KERNELBASE.dll
0x00007ffbcaaf0000 - 0x00007ffbcabf0000 	C:\WINDOWS\System32\ucrtbase.dll
0x00007ffbc2ac0000 - 0x00007ffbc2adb000 	C:\Users\Mauro\.jdks\openjdk-22.0.1\bin\VCRUNTIME140.dll
0x00007ffbc1340000 - 0x00007ffbc1357000 	C:\Users\Mauro\.jdks\openjdk-22.0.1\bin\jli.dll
0x00007ffbcb650000 - 0x00007ffbcb7ef000 	C:\WINDOWS\System32\USER32.dll
0x00007ffbcac80000 - 0x00007ffbcaca2000 	C:\WINDOWS\System32\win32u.dll
0x00007ffbb6540000 - 0x00007ffbb67da000 	C:\WINDOWS\WinSxS\amd64_microsoft.windows.common-controls_6595b64144ccf1df_6.0.19041.4355_none_60b8b9eb71f62e16\COMCTL32.dll
0x00007ffbccae0000 - 0x00007ffbccb0b000 	C:\WINDOWS\System32\GDI32.dll
0x00007ffbcc5a0000 - 0x00007ffbcc63e000 	C:\WINDOWS\System32\msvcrt.dll
0x00007ffbca5e0000 - 0x00007ffbca6f7000 	C:\WINDOWS\System32\gdi32full.dll
0x00007ffbcacb0000 - 0x00007ffbcad4d000 	C:\WINDOWS\System32\msvcp_win.dll
0x00007ffbcc640000 - 0x00007ffbcc66f000 	C:\WINDOWS\System32\IMM32.DLL
0x00007ffbc5540000 - 0x00007ffbc554c000 	C:\Users\Mauro\.jdks\openjdk-22.0.1\bin\vcruntime140_1.dll
0x00007ffb9c380000 - 0x00007ffb9c40e000 	C:\Users\Mauro\.jdks\openjdk-22.0.1\bin\msvcp140.dll
0x00007ffb67840000 - 0x00007ffb68587000 	C:\Users\Mauro\.jdks\openjdk-22.0.1\bin\server\jvm.dll
0x00007ffbcca30000 - 0x00007ffbccae0000 	C:\WINDOWS\System32\ADVAPI32.dll
0x00007ffbcc920000 - 0x00007ffbcc9c0000 	C:\WINDOWS\System32\sechost.dll
0x00007ffbcbce0000 - 0x00007ffbcbe03000 	C:\WINDOWS\System32\RPCRT4.dll
0x00007ffbca750000 - 0x00007ffbca777000 	C:\WINDOWS\System32\bcrypt.dll
0x00007ffbcc9c0000 - 0x00007ffbcca2b000 	C:\WINDOWS\System32\WS2_32.dll
0x00007ffbc9ab0000 - 0x00007ffbc9afb000 	C:\WINDOWS\SYSTEM32\POWRPROF.dll
0x00007ffbb56e0000 - 0x00007ffbb5707000 	C:\WINDOWS\SYSTEM32\WINMM.dll
0x00007ffbc0150000 - 0x00007ffbc015a000 	C:\WINDOWS\SYSTEM32\VERSION.dll
0x00007ffbc9920000 - 0x00007ffbc9932000 	C:\WINDOWS\SYSTEM32\UMPDC.dll
0x00007ffbc8590000 - 0x00007ffbc85a2000 	C:\WINDOWS\SYSTEM32\kernel.appcore.dll
0x00007ffbc3e90000 - 0x00007ffbc3e9a000 	C:\Users\Mauro\.jdks\openjdk-22.0.1\bin\jimage.dll
0x00007ffbb5880000 - 0x00007ffbb5a64000 	C:\WINDOWS\SYSTEM32\DBGHELP.DLL
0x00007ffbb5550000 - 0x00007ffbb5584000 	C:\WINDOWS\SYSTEM32\dbgcore.DLL
0x00007ffbcabf0000 - 0x00007ffbcac72000 	C:\WINDOWS\System32\bcryptPrimitives.dll
0x00007ffbb8fe0000 - 0x00007ffbb901c000 	C:\Users\Mauro\.jdks\openjdk-22.0.1\bin\jdwp.dll
0x00007ffbc1510000 - 0x00007ffbc151f000 	C:\Users\Mauro\.jdks\openjdk-22.0.1\bin\instrument.dll
0x00007ffbbad50000 - 0x00007ffbbad6e000 	C:\Users\Mauro\.jdks\openjdk-22.0.1\bin\java.dll
0x00007ffbcbe10000 - 0x00007ffbcc57c000 	C:\WINDOWS\System32\SHELL32.dll
0x00007ffbcb7f0000 - 0x00007ffbcb91b000 	C:\WINDOWS\System32\ole32.dll
0x00007ffbcb980000 - 0x00007ffbcbcd3000 	C:\WINDOWS\System32\combase.dll
0x00007ffbbad10000 - 0x00007ffbbad27000 	C:\Users\Mauro\.jdks\openjdk-22.0.1\bin\zip.dll
0x00007ffbc85b0000 - 0x00007ffbc8d4d000 	C:\WINDOWS\SYSTEM32\windows.storage.dll
0x00007ffbc9f50000 - 0x00007ffbc9f7e000 	C:\WINDOWS\SYSTEM32\Wldp.dll
0x00007ffbcaeb0000 - 0x00007ffbcaf7d000 	C:\WINDOWS\System32\OLEAUT32.dll
0x00007ffbcb3f0000 - 0x00007ffbcb49d000 	C:\WINDOWS\System32\SHCORE.dll
0x00007ffbccdd0000 - 0x00007ffbcce25000 	C:\WINDOWS\System32\shlwapi.dll
0x00007ffbca460000 - 0x00007ffbca484000 	C:\WINDOWS\SYSTEM32\profapi.dll
0x00007ffb9c240000 - 0x00007ffb9c317000 	C:\Users\Mauro\.jdks\openjdk-22.0.1\bin\jsvml.dll
0x00007ffbc1370000 - 0x00007ffbc137c000 	C:\Users\Mauro\.jdks\openjdk-22.0.1\bin\dt_socket.dll
0x00007ffbc9940000 - 0x00007ffbc997b000 	C:\WINDOWS\SYSTEM32\IPHLPAPI.DLL
0x00007ffbc9cb0000 - 0x00007ffbc9d1a000 	C:\WINDOWS\system32\mswsock.dll
0x00007ffbc2b30000 - 0x00007ffbc2b40000 	C:\Users\Mauro\.jdks\openjdk-22.0.1\bin\net.dll
0x00007ffbbad30000 - 0x00007ffbbad46000 	C:\Users\Mauro\.jdks\openjdk-22.0.1\bin\nio.dll
0x00007ffbb9b90000 - 0x00007ffbb9b9b000 	C:\Users\Mauro\.jdks\openjdk-22.0.1\bin\le.dll
0x00007ffbba000000 - 0x00007ffbba00e000 	C:\Users\Mauro\.jdks\openjdk-22.0.1\bin\sunmscapi.dll
0x00007ffbcad50000 - 0x00007ffbcaeae000 	C:\WINDOWS\System32\CRYPT32.dll
0x00007ffbc9fc0000 - 0x00007ffbc9fe9000 	C:\WINDOWS\SYSTEM32\ncrypt.dll
0x00007ffbc9f80000 - 0x00007ffbc9fbb000 	C:\WINDOWS\SYSTEM32\NTASN1.dll
0x00007ffbc9ea0000 - 0x00007ffbc9eb8000 	C:\WINDOWS\SYSTEM32\CRYPTSP.dll
0x00007ffbc9560000 - 0x00007ffbc9594000 	C:\WINDOWS\system32\rsaenh.dll
0x00007ffbca410000 - 0x00007ffbca43e000 	C:\WINDOWS\SYSTEM32\USERENV.dll
0x00007ffbc9ec0000 - 0x00007ffbc9ecc000 	C:\WINDOWS\SYSTEM32\CRYPTBASE.dll
0x00007ffbcc590000 - 0x00007ffbcc598000 	C:\WINDOWS\System32\NSI.dll
0x00007ffbbadf0000 - 0x00007ffbbadfa000 	C:\Users\Mauro\.jdks\openjdk-22.0.1\bin\management.dll
0x00007ffbbad00000 - 0x00007ffbbad0b000 	C:\Users\Mauro\.jdks\openjdk-22.0.1\bin\management_ext.dll
0x00007ffbcc580000 - 0x00007ffbcc588000 	C:\WINDOWS\System32\PSAPI.DLL
0x00007ffbb9b00000 - 0x00007ffbb9b10000 	C:\Users\Mauro\.jdks\openjdk-22.0.1\bin\verify.dll
0x00007ffbc9980000 - 0x00007ffbc9a4a000 	C:\WINDOWS\SYSTEM32\DNSAPI.dll
0x00007ffbc0bd0000 - 0x00007ffbc0bda000 	C:\Windows\System32\rasadhlp.dll
0x00007ffbb8c80000 - 0x00007ffbb8d00000 	C:\WINDOWS\System32\fwpuclnt.dll
0x00007ffbb9ea0000 - 0x00007ffbb9ea9000 	C:\Users\Mauro\.jdks\openjdk-22.0.1\bin\extnet.dll
0x00007ffbc3d60000 - 0x00007ffbc3d67000 	C:\WINDOWS\system32\wshunix.dll

dbghelp: loaded successfully - version: 4.0.5 - missing functions: none
symbol engine: initialized successfully - sym options: 0x614 - pdb path: .;C:\Users\Mauro\.jdks\openjdk-22.0.1\bin;C:\WINDOWS\SYSTEM32;C:\WINDOWS\WinSxS\amd64_microsoft.windows.common-controls_6595b64144ccf1df_6.0.19041.4355_none_60b8b9eb71f62e16;C:\Users\Mauro\.jdks\openjdk-22.0.1\bin\server

VM Arguments:
jvm_args: -agentlib:jdwp=transport=dt_socket,address=127.0.0.1:50318,suspend=y,server=n -javaagent:C:\Users\Mauro\AppData\Local\JetBrains\IdeaIC2024.1\captureAgent\debugger-agent.jar -Dfile.encoding=UTF-8 -Dsun.stdout.encoding=UTF-8 -Dsun.stderr.encoding=UTF-8 
java_command: com.codigo.ms_caceres_anculle_hexagonal.application.ApplicationLauncher
java_class_path (initial): C:\Users\Mauro\Downloads\ms-caceres-anculle-hexagonal\ms-caceres-anculle-hexagonal\application\target\classes;C:\Users\Mauro\Downloads\ms-caceres-anculle-hexagonal\ms-caceres-anculle-hexagonal\domain\target\classes;C:\Users\Mauro\Downloads\ms-caceres-anculle-hexagonal\ms-caceres-anculle-hexagonal\infraestructure\target\classes;C:\Users\Mauro\.m2\repository\org\springframework\boot\spring-boot-starter-data-jpa\3.3.1\spring-boot-starter-data-jpa-3.3.1.jar;C:\Users\Mauro\.m2\repository\org\springframework\boot\spring-boot-starter-aop\3.3.1\spring-boot-starter-aop-3.3.1.jar;C:\Users\Mauro\.m2\repository\org\springframework\spring-aop\6.1.10\spring-aop-6.1.10.jar;C:\Users\Mauro\.m2\repository\org\aspectj\aspectjweaver\1.9.22\aspectjweaver-1.9.22.jar;C:\Users\Mauro\.m2\repository\org\springframework\boot\spring-boot-starter-jdbc\3.3.1\spring-boot-starter-jdbc-3.3.1.jar;C:\Users\Mauro\.m2\repository\com\zaxxer\HikariCP\5.1.0\HikariCP-5.1.0.jar;C:\Users\Mauro\.m2\repository\org\springframework\spring-jdbc\6.1.10\spring-jdbc-6.1.10.jar;C:\Users\Mauro\.m2\repository\org\hibernate\orm\hibernate-core\6.5.2.Final\hibernate-core-6.5.2.Final.jar;C:\Users\Mauro\.m2\repository\jakarta\persistence\jakarta.persistence-api\3.1.0\jakarta.persistence-api-3.1.0.jar;C:\Users\Mauro\.m2\repository\jakarta\transaction\jakarta.transaction-api\2.0.1\jakarta.transaction-api-2.0.1.jar;C:\Users\Mauro\.m2\repository\org\jboss\logging\jboss-logging\3.5.3.Final\jboss-logging-3.5.3.Final.jar;C:\Users\Mauro\.m2\repository\org\hibernate\common\hibernate-commons-annotations\6.0.6.Final\hibernate-commons-annotations-6.0.6.Final.jar;C:\Users\Mauro\.m2\repository\io\smallrye\jandex\3.1.2\jandex-3.1.2.jar;C:\Users\Mauro\.m2\repository\com\fasterxml\classmate\1.7.0\classmate-1.7.0.jar;C:\Users\Mauro\.m2\repository\net\bytebuddy\byte-buddy\1.14.17\byte-buddy-1.14.17.jar;C:\Users\Mauro\.m2\repository\org\glassfish\jaxb\jaxb-runtime\4.0.5\jaxb-runtime-4.0.5.jar;C:\Users\Mauro\.m2\repository\org\glassfish\jaxb\jaxb-core\4.0.5\jaxb-core-4.0.5.jar;C:\Users\Mauro\.m2\repository\org\eclipse\angus\angus-activation\2.0.2\angus-activation-2.0.2.jar;C:\Users\Mauro\.m2\repository\org\glassfish\jaxb\txw2\4.0.5\txw2-4.0.5.jar;C:\Users\Mauro\.m2\repository\com\sun\istack\istack-commons-runtime\4.1.2\istack-commons-runtime-4.1.2.jar;C:\Users\Mauro\.m2\repository\jakarta\inject\jakarta.inject-api\2.0.1\jakarta.inject-api-2.0.1.jar;C:\Users\Mauro\.m2\repository\org\antlr\antlr4-runtime\4.13.0\antlr4-runtime-4.13.0.jar;C:\Users\Mauro\.m2\repository\org\springframework\data\spring-data-jpa\3.3.1\spring-data-jpa-3.3.1.jar;C:\Users\Mauro\.m2\repository\org\springframework\data\spring-data-commons\3.3.1\spring-data-commons-3.3.1.jar;C:\Users\Mauro\.m2\repository\org\springframework\spring-orm\6.1.10\spring-orm-6.1.10.jar;C:\Users\Mauro\.m2\repository\org\springframework\spring-context\6.1.10\spring-context-6.1.10.jar;C:\Users\Mauro\.m2\repository\org\springframework\spring-tx\6.1.10\spring-tx-6.1.10.jar;C:\Users\Mauro\.m2\repository\org\springframework\spring-beans\6.1.10\spring-beans-6.1.10.jar;C:\Users\Mauro\.m2\repository\jakarta\annotation\jakarta.annotation-api\2.1.1\jakarta.annotation-api-2.1.1.jar;C:\Users\Mauro\.m2\repository\org\slf4j\slf4j-api\2.0.13\slf4j-api-2.0.13.jar;C:\Users\Mauro\.m2\repository\org\springframework\spring-aspects\6.1.10\spring-aspects-6.1.10.jar;C:\Users\Mauro\.m2\repository\org\springframework\boot\spring-boot-starter-web\3.3.1\spring-boot-starter-web-3.3.1.jar;C:\Users\Mauro\.m2\repository\org\springframework\boot\spring-boot-starter\3.3.1\spring-boot-starter-3.3.1.jar;C:\Users\Mauro\.m2\repository\org\springframework\boot\spring-boot\3.3.1\spring-boot-3.3.1.jar;C:\Users\Mauro\.m2\repository\org\springframework\boot\spring-boot-autoconfigure\3.3.1\spring-boot-autoconfigure-3.3.1.jar;C:\Users\Mauro\.m2\repository\org\springframework\boot\spring-boot-starter-logging\3.3.1\spring-boot-starter-logging-3.3.1.jar;C:\Users\Mauro\.m2\repository\ch\qos\logback\logback-classic\1.5.6\logback-classic-1.5.6.jar;C:\Users\Mauro\.m2\repository\ch\qos\logback\logback-core\1.5.6\logback-core-1.5.6.jar;C:\Users\Mauro\.m2\repository\org\apache\logging\log4j\log4j-to-slf4j\2.23.1\log4j-to-slf4j-2.23.1.jar;C:\Users\Mauro\.m2\repository\org\apache\logging\log4j\log4j-api\2.23.1\log4j-api-2.23.1.jar;C:\Users\Mauro\.m2\repository\org\slf4j\jul-to-slf4j\2.0.13\jul-to-slf4j-2.0.13.jar;C:\Users\Mauro\.m2\repository\org\yaml\snakeyaml\2.2\snakeyaml-2.2.jar;C:\Users\Mauro\.m2\repository\org\springframework\boot\spring-boot-starter-json\3.3.1\spring-boot-starter-json-3.3.1.jar;C:\Users\Mauro\.m2\repository\com\fasterxml\jackson\core\jackson-databind\2.17.1\jackson-databind-2.17.1.jar;C:\Users\Mauro\.m2\repository\com\fasterxml\jackson\core\jackson-annotations\2.17.1\jackson-annotations-2.17.1.jar;C:\Users\Mauro\.m2\repository\com\fasterxml\jackson\core\jackson-core\2.17.1\jackson-core-2.17.1.jar;C:\Users\Mauro\.m2\repository\com\fasterxml\jackson\datatype\jackson-datatype-jdk8\2.17.1\jackson-datatype-jdk8-2.17.1.jar;C:\Users\Mauro\.m2\repository\com\fasterxml\jackson\datatype\jackson-datatype-jsr310\2.17.1\jackson-datatype-jsr310-2.17.1.jar;C:\Users\Mauro\.m2\repository\com\fasterxml\jackson\module\jackson-module-parameter-names\2.17.1\jackson-module-parameter-names-2.17.1.jar;C:\Users\Mauro\.m2\repository\org\springframework\boot\spring-boot-starter-tomcat\3.3.1\spring-boot-starter-tomcat-3.3.1.jar;C:\Users\Mauro\.m2\repository\org\apache\tomcat\embed\tomcat-embed-core\10.1.25\tomcat-embed-core-10.1.25.jar;C:\Users\Mauro\.m2\repository\org\apache\tomcat\embed\tomcat-embed-el\10.1.25\tomcat-embed-el-10.1.25.jar;C:\Users\Mauro\.m2\repository\org\apache\tomcat\embed\tomcat-embed-websocket\10.1.25\tomcat-embed-websocket-10.1.25.jar;C:\Users\Mauro\.m2\repository\org\springframework\spring-web\6.1.10\spring-web-6.1.10.jar;C:\Users\Mauro\.m2\repository\io\micrometer\micrometer-observation\1.13.1\micrometer-observation-1.13.1.jar;C:\Users\Mauro\.m2\repository\io\micrometer\micrometer-commons\1.13.1\micrometer-commons-1.13.1.jar;C:\Users\Mauro\.m2\repository\org\springframework\spring-webmvc\6.1.10\spring-webmvc-6.1.10.jar;C:\Users\Mauro\.m2\repository\org\springframework\spring-expression\6.1.10\spring-expression-6.1.10.jar;C:\Users\Mauro\.m2\repository\org\postgresql\postgresql\42.7.3\postgresql-42.7.3.jar;C:\Users\Mauro\.m2\repository\org\checkerframework\checker-qual\3.42.0\checker-qual-3.42.0.jar;C:\Users\Mauro\.m2\repository\org\projectlombok\lombok\1.18.32\lombok-1.18.32.jar;C:\Users\Mauro\.m2\repository\jakarta\xml\bind\jakarta.xml.bind-api\4.0.2\jakarta.xml.bind-api-4.0.2.jar;C:\Users\Mauro\.m2\repository\jakarta\activation\jakarta.activation-api\2.1.3\jakarta.activation-api-2.1.3.jar;C:\Users\Mauro\.m2\repository\org\springframework\spring-core\6.1.10\spring-core-6.1.10.jar;C:\Users\Mauro\.m2\repository\org\springframework\spring-jcl\6.1.10\spring-jcl-6.1.10.jar;C:\Users\Mauro\.m2\repository\org\modelmapper\modelmapper\2.4.0\modelmapper-2.4.0.jar;C:\Program Files\JetBrains\IntelliJ IDEA Community Edition 2024.1.1\lib\idea_rt.jar
Launcher Type: SUN_STANDARD

[Global flags]
     intx CICompilerCount                          = 3                                         {product} {ergonomic}
     uint ConcGCThreads                            = 1                                         {product} {ergonomic}
     uint G1ConcRefinementThreads                  = 4                                         {product} {ergonomic}
   size_t G1HeapRegionSize                         = 4194304                                   {product} {ergonomic}
   size_t InitialHeapSize                          = 331350016                                 {product} {ergonomic}
   size_t MarkStackSize                            = 4194304                                   {product} {ergonomic}
   size_t MaxHeapSize                              = 5293211648                                {product} {ergonomic}
   size_t MaxNewSize                               = 3175088128                                {product} {ergonomic}
   size_t MinHeapDeltaBytes                        = 4194304                                   {product} {ergonomic}
   size_t MinHeapSize                              = 8388608                                   {product} {ergonomic}
    uintx NonNMethodCodeHeapSize                   = 5832780                                {pd product} {ergonomic}
    uintx NonProfiledCodeHeapSize                  = 122912730                              {pd product} {ergonomic}
    uintx ProfiledCodeHeapSize                     = 122912730                              {pd product} {ergonomic}
    uintx ReservedCodeCacheSize                    = 251658240                              {pd product} {ergonomic}
     bool SegmentedCodeCache                       = true                                      {product} {ergonomic}
   size_t SoftMaxHeapSize                          = 5293211648                             {manageable} {ergonomic}
     bool UseCompressedOops                        = true                           {product lp64_product} {ergonomic}
     bool UseG1GC                                  = true                                      {product} {ergonomic}
     bool UseLargePagesIndividualAllocation        = false                                  {pd product} {ergonomic}

Logging:
Log output configuration:
 #0: stdout all=warning uptime,level,tags foldmultilines=false
 #1: stderr all=off uptime,level,tags foldmultilines=false

Environment Variables:
PATH=C:\WINDOWS\system32;C:\WINDOWS;C:\WINDOWS\System32\Wbem;C:\WINDOWS\System32\WindowsPowerShell\v1.0\;C:\WINDOWS\System32\OpenSSH\;C:\Program Files\Wondershare\Wondershare DemoCreator (Spanish);C:\Program Files\Git\cmd;C:\Users\Mauro\AppData\Local\Microsoft\WindowsApps;C:\Users\Mauro\AppData\Local\Programs\Microsoft VS Code\bin;C:\Users\Mauro\OneDrive\Imágenes\Redis-x64-3.0.504;
USERNAME=Mauro
OS=Windows_NT
PROCESSOR_IDENTIFIER=Intel64 Family 6 Model 78 Stepping 3, GenuineIntel
TMP=C:\Users\Mauro\AppData\Local\Temp
TEMP=C:\Users\Mauro\AppData\Local\Temp




Periodic native trim disabled

---------------  S Y S T E M  ---------------

OS:
 Windows 10 , 64 bit Build 19041 (10.0.19041.3636)
OS uptime: 10 days 21:34 hours

CPU: total 4 (initial active 4) (2 cores per cpu, 2 threads per core) family 6 model 78 stepping 3 microcode 0xcc, cx8, cmov, fxsr, ht, mmx, 3dnowpref, sse, sse2, sse3, ssse3, sse4.1, sse4.2, popcnt, lzcnt, tsc, tscinvbit, avx, avx2, aes, erms, clmul, bmi1, bmi2, adx, fma, vzeroupper, clflush, clflushopt, rdtscp, f16c
Processor Information for all 4 processors :
  Max Mhz: 2401, Current Mhz: 2400, Mhz Limit: 2376

Memory: 4k page, system-wide physical 20190M (7743M free)
TotalPageFile size 41390M (AvailPageFile size 2M)
current process WorkingSet (physical memory assigned to process): 251M, peak: 294M
current process commit charge ("private bytes"): 282M, peak: 511M

vm_info: OpenJDK 64-Bit Server VM (22.0.1+8-16) for windows-amd64 JRE (22.0.1+8-16), built on 2024-03-12T10:33:16Z by "mach5one" with MS VC++ 17.6 (VS2022)

END.
